17:37:41.433 [main] WARN AppMapConfig.load: 64 patterns found in config, startup performance may be impacted
17:37:41.441 [main] INFO Agent.premain: To disable the automatic creation of this log file, set the system property appmap.disableLogFile to 'true'
17:37:41.442 [main] INFO Agent.premain: Agent version 1.26.4, current time mills: 1709325460377
17:37:41.442 [main] INFO Agent.premain: config: {
	"configFile":"C:\\Users\\felipe.silva\\zMeus_Front\\batch-cnab\\appmap.yml",
	"name":"batch",
	"packages":[{
		"allMethods":true,
		"exclude":[],
		"path":"com.batsworks.batch",
		"shallow":false
	},{
		"allMethods":true,
		"exclude":[],
		"path":"META-INF.native-image.com.batsworks.batch",
		"shallow":false
	},{
		"allMethods":true,
		"exclude":[],
		"path":"org.springdoc.core.configuration",
		"shallow":false
	},{
		"allMethods":true,
		"exclude":[],
		"path":"org.springdoc.core.properties",
		"shallow":false
	},{
		"allMethods":true,
		"exclude":[],
		"path":"org.springdoc.webmvc.core.configuration",
		"shallow":false
	},{
		"allMethods":true,
		"exclude":[],
		"path":"org.springdoc.webmvc.ui",
		"shallow":false
	},{
		"allMethods":true,
		"exclude":[],
		"path":"org.springframework.amqp.rabbit.annotation",
		"shallow":false
	},{
		"allMethods":true,
		"exclude":[],
		"path":"org.springframework.amqp.rabbit.listener",
		"shallow":false
	},{
		"allMethods":true,
		"exclude":[],
		"path":"org.springframework.aop.aspectj.annotation",
		"shallow":false
	},{
		"allMethods":true,
		"exclude":[],
		"path":"org.springframework.batch.core.configuration.support",
		"shallow":false
	},{
		"allMethods":true,
		"exclude":[],
		"path":"org.springframework.batch.item.data",
		"shallow":false
	},{
		"allMethods":true,
		"exclude":[],
		"path":"org.springframework.boot.actuate.autoconfigure.amqp",
		"shallow":false
	},{
		"allMethods":true,
		"exclude":[],
		"path":"org.springframework.boot.actuate.autoconfigure.audit",
		"shallow":false
	},{
		"allMethods":true,
		"exclude":[],
		"path":"org.springframework.boot.actuate.autoconfigure.availability",
		"shallow":false
	},{
		"allMethods":true,
		"exclude":[],
		"path":"org.springframework.boot.actuate.autoconfigure.beans",
		"shallow":false
	},{
		"allMethods":true,
		"exclude":[],
		"path":"org.springframework.boot.actuate.autoconfigure.cache",
		"shallow":false
	},{
		"allMethods":true,
		"exclude":[],
		"path":"org.springframework.boot.actuate.autoconfigure.condition",
		"shallow":false
	},{
		"allMethods":true,
		"exclude":[],
		"path":"org.springframework.boot.actuate.autoconfigure.context.properties",
		"shallow":false
	},{
		"allMethods":true,
		"exclude":[],
		"path":"org.springframework.boot.actuate.autoconfigure.endpoint",
		"shallow":false
	},{
		"allMethods":true,
		"exclude":[],
		"path":"org.springframework.boot.actuate.autoconfigure.env",
		"shallow":false
	},{
		"allMethods":true,
		"exclude":[],
		"path":"org.springframework.boot.actuate.autoconfigure.health",
		"shallow":false
	},{
		"allMethods":true,
		"exclude":[],
		"path":"org.springframework.boot.actuate.autoconfigure.info",
		"shallow":false
	},{
		"allMethods":true,
		"exclude":[],
		"path":"org.springframework.boot.actuate.autoconfigure.integration",
		"shallow":false
	},{
		"allMethods":true,
		"exclude":[],
		"path":"org.springframework.boot.actuate.autoconfigure.jdbc",
		"shallow":false
	},{
		"allMethods":true,
		"exclude":[],
		"path":"org.springframework.boot.actuate.autoconfigure.logging",
		"shallow":false
	},{
		"allMethods":true,
		"exclude":[],
		"path":"org.springframework.boot.actuate.autoconfigure.management",
		"shallow":false
	},{
		"allMethods":true,
		"exclude":[],
		"path":"org.springframework.boot.actuate.autoconfigure.metrics",
		"shallow":false
	},{
		"allMethods":true,
		"exclude":[],
		"path":"org.springframework.boot.actuate.autoconfigure.observation",
		"shallow":false
	},{
		"allMethods":true,
		"exclude":[],
		"path":"org.springframework.boot.actuate.autoconfigure.scheduling",
		"shallow":false
	},{
		"allMethods":true,
		"exclude":[],
		"path":"org.springframework.boot.actuate.autoconfigure.system",
		"shallow":false
	},{
		"allMethods":true,
		"exclude":[],
		"path":"org.springframework.boot.actuate.autoconfigure.tracing",
		"shallow":false
	},{
		"allMethods":true,
		"exclude":[],
		"path":"org.springframework.boot.actuate.autoconfigure.web.exchanges",
		"shallow":false
	},{
		"allMethods":true,
		"exclude":[],
		"path":"org.springframework.boot.actuate.autoconfigure.web.mappings",
		"shallow":false
	},{
		"allMethods":true,
		"exclude":[],
		"path":"org.springframework.boot.actuate.autoconfigure.web.server",
		"shallow":false
	},{
		"allMethods":true,
		"exclude":[],
		"path":"org.springframework.boot.actuate.autoconfigure.web.servlet",
		"shallow":false
	},{
		"allMethods":true,
		"exclude":[],
		"path":"org.springframework.boot.autoconfigure",
		"shallow":false
	},{
		"allMethods":true,
		"exclude":[],
		"path":"org.springframework.boot.context.properties",
		"shallow":false
	},{
		"allMethods":true,
		"exclude":[],
		"path":"org.springframework.boot.sql.init.dependency",
		"shallow":false
	},{
		"allMethods":true,
		"exclude":[],
		"path":"org.springframework.boot.validation.beanvalidation",
		"shallow":false
	},{
		"allMethods":true,
		"exclude":[],
		"path":"org.springframework.boot.web.server",
		"shallow":false
	},{
		"allMethods":true,
		"exclude":[],
		"path":"org.springframework.cloud.autoconfigure",
		"shallow":false
	},{
		"allMethods":true,
		"exclude":[],
		"path":"org.springframework.cloud.client",
		"shallow":false
	},{
		"allMethods":true,
		"exclude":[],
		"path":"org.springframework.cloud.commons.config",
		"shallow":false
	},{
		"allMethods":true,
		"exclude":[],
		"path":"org.springframework.cloud.commons.security",
		"shallow":false
	},{
		"allMethods":true,
		"exclude":[],
		"path":"org.springframework.cloud.commons.util",
		"shallow":false
	},{
		"allMethods":true,
		"exclude":[],
		"path":"org.springframework.cloud.configuration",
		"shallow":false
	},{
		"allMethods":true,
		"exclude":[],
		"path":"org.springframework.cloud.openfeign",
		"shallow":false
	},{
		"allMethods":true,
		"exclude":[],
		"path":"org.springframework.context.event",
		"shallow":false
	},{
		"allMethods":true,
		"exclude":[],
		"path":"org.springframework.data.jpa.mapping",
		"shallow":false
	},{
		"allMethods":true,
		"exclude":[],
		"path":"org.springframework.data.jpa.repository.support",
		"shallow":false
	},{
		"allMethods":true,
		"exclude":[],
		"path":"org.springframework.data.jpa.util",
		"shallow":false
	},{
		"allMethods":true,
		"exclude":[],
		"path":"org.springframework.data.repository.core.support",
		"shallow":false
	},{
		"allMethods":true,
		"exclude":[],
		"path":"org.springframework.data.web.config",
		"shallow":false
	},{
		"allMethods":true,
		"exclude":[],
		"path":"org.springframework.expression.spel.support",
		"shallow":false
	},{
		"allMethods":true,
		"exclude":[],
		"path":"org.springframework.integration.channel",
		"shallow":false
	},{
		"allMethods":true,
		"exclude":[],
		"path":"org.springframework.integration.config",
		"shallow":false
	},{
		"allMethods":true,
		"exclude":[],
		"path":"org.springframework.integration.dsl",
		"shallow":false
	},{
		"allMethods":true,
		"exclude":[],
		"path":"org.springframework.integration.endpoint",
		"shallow":false
	},{
		"allMethods":true,
		"exclude":[],
		"path":"org.springframework.integration.handler",
		"shallow":false
	},{
		"allMethods":true,
		"exclude":[],
		"path":"org.springframework.integration.support",
		"shallow":false
	},{
		"allMethods":true,
		"exclude":[],
		"path":"org.springframework.orm.jpa",
		"shallow":false
	},{
		"allMethods":true,
		"exclude":[],
		"path":"org.springframework.scheduling.annotation",
		"shallow":false
	},{
		"allMethods":true,
		"exclude":[],
		"path":"org.springframework.transaction.annotation",
		"shallow":false
	},{
		"allMethods":true,
		"exclude":[],
		"path":"org.springframework.web.servlet.config.annotation",
		"shallow":false
	}]
}
17:37:41.780 [main] INFO Agent.premain: System properties: {java.specification.version=17, sun.cpu.isalist=amd64, sun.jnu.encoding=Cp1252, java.class.path=C:\Users\felipe.silva\zMeus_Front\batch-cnab\build\classes\java\main;C:\Users\felipe.silva\zMeus_Front\batch-cnab\build\resources\main;C:\Users\felipe.silva\.gradle\caches\modules-2\files-2.1\org.springframework.boot\spring-boot-starter-web\3.1.4\a0da0751207173c93f9e92e74cae430b53544576\spring-boot-starter-web-3.1.4.jar;C:\Users\felipe.silva\.gradle\caches\modules-2\files-2.1\org.springframework.boot\spring-boot-starter-batch\3.1.4\243b00a25c14752ae5fb33f0a409d6adb274bc55\spring-boot-starter-batch-3.1.4.jar;C:\Users\felipe.silva\.gradle\caches\modules-2\files-2.1\org.springframework.batch\spring-batch-integration\5.0.3\6171bd508d8ee81ad1beab5e497f150cbc6a3d08\spring-batch-integration-5.0.3.jar;C:\Users\felipe.silva\.gradle\caches\modules-2\files-2.1\org.springframework.boot\spring-boot-starter-amqp\3.1.4\7f7c3213bc8a5ceeabc4f25b6d129b7d9f24cb7e\spring-boot-starter-amqp-3.1.4.jar;C:\Users\felipe.silva\.gradle\caches\modules-2\files-2.1\org.springframework.boot\spring-boot-starter-validation\3.1.4\cc8321cfdf6c916d53f693a394a11e1a9b009220\spring-boot-starter-validation-3.1.4.jar;C:\Users\felipe.silva\.gradle\caches\modules-2\files-2.1\org.springframework.boot\spring-boot-starter-data-jpa\3.1.4\f01d5f2ecbfef3159879c4a8450b49620ffb96c\spring-boot-starter-data-jpa-3.1.4.jar;C:\Users\felipe.silva\.gradle\caches\modules-2\files-2.1\com.mchange\c3p0\0.9.5.5\37dfc3021e5589d65ff2ae0becf811510b87ab01\c3p0-0.9.5.5.jar;C:\Users\felipe.silva\.gradle\caches\modules-2\files-2.1\org.ehcache\ehcache\3.10.8\f0d50ede46609db78413ca7f4250d348a597b101\ehcache-3.10.8.jar;C:\Users\felipe.silva\.gradle\caches\modules-2\files-2.1\org.hibernate.orm\hibernate-jcache\6.3.0.Final\7f4c28759f95c5233efcba1d21d08d6a8cd5a571\hibernate-jcache-6.3.0.Final.jar;C:\Users\felipe.silva\.gradle\caches\modules-2\files-2.1\org.springframework.boot\spring-boot-starter-actuator\3.1.5\6e543a2beff6a8e3f98cf6aa3b38495eb47d2ff2\spring-boot-starter-actuator-3.1.5.jar;C:\Users\felipe.silva\.gradle\caches\modules-2\files-2.1\io.micrometer\micrometer-registry-prometheus\1.11.4\bc5051ac55ca228596110d716f7f12e6b1768d14\micrometer-registry-prometheus-1.11.4.jar;C:\Users\felipe.silva\.gradle\caches\modules-2\files-2.1\io.micrometer\micrometer-tracing-bridge-brave\1.1.5\90680f8039ac5ba9fc0f0dc54f467fd3bb04c952\micrometer-tracing-bridge-brave-1.1.5.jar;C:\Users\felipe.silva\.gradle\caches\modules-2\files-2.1\io.zipkin.reporter2\zipkin-reporter-brave\2.16.3\4d5017d71e4de139b6a31612cfd837b7c71d288c\zipkin-reporter-brave-2.16.3.jar;C:\Users\felipe.silva\.gradle\caches\modules-2\files-2.1\io.github.openfeign\feign-micrometer\12.3\75945218b6d62fa378be649dac27ac652d7d69a4\feign-micrometer-12.3.jar;C:\Users\felipe.silva\.gradle\caches\modules-2\files-2.1\org.springdoc\springdoc-openapi-starter-webmvc-ui\2.2.0\178d8ed6714d78b8b475c45bc60642a9232fcb70\springdoc-openapi-starter-webmvc-ui-2.2.0.jar;C:\Users\felipe.silva\.gradle\caches\modules-2\files-2.1\org.springframework.cloud\spring-cloud-starter-openfeign\4.0.4\51d8b8ea8698bce969dd3afad8420f04a7251dde\spring-cloud-starter-openfeign-4.0.4.jar;C:\Users\felipe.silva\.gradle\caches\modules-2\files-2.1\org.springframework.boot\spring-boot-starter-json\3.1.4\2dafafeb1ca78678a970947c51def69723c7442c\spring-boot-starter-json-3.1.4.jar;C:\Users\felipe.silva\.gradle\caches\modules-2\files-2.1\org.springframework.boot\spring-boot-starter\3.1.4\8a615e53a9f45eecc4821917b1423daa68afcf19\spring-boot-starter-3.1.4.jar;C:\Users\felipe.silva\.gradle\caches\modules-2\files-2.1\org.springframework.boot\spring-boot-starter-tomcat\3.1.4\b8f55488574671d085f8d31c137c6f6d8d79cc24\spring-boot-starter-tomcat-3.1.4.jar;C:\Users\felipe.silva\.gradle\caches\modules-2\files-2.1\org.springframework\spring-webmvc\6.0.12\c7cf897d23da555a20e570d170f8f1541b04564d\spring-webmvc-6.0.12.jar;C:\Users\felipe.silva\.gradle\caches\modules-2\files-2.1\org.springframework\spring-web\6.0.12\89a20bbd7c1f973dc246b1d790b34e0b3e28e74d\spring-web-6.0.12.jar;C:\Users\felipe.silva\.gradle\caches\modules-2\files-2.1\org.springframework.boot\spring-boot-starter-jdbc\3.1.4\d1c52a3392180c7925d32e5594a873db6c72239b\spring-boot-starter-jdbc-3.1.4.jar;C:\Users\felipe.silva\.gradle\caches\modules-2\files-2.1\org.springframework.batch\spring-batch-core\5.0.3\95e97bf0a05b04f1758d8136be99bc08ab6e1a28\spring-batch-core-5.0.3.jar;C:\Users\felipe.silva\.gradle\caches\modules-2\files-2.1\org.springframework.integration\spring-integration-core\6.1.3\4b06b5794d1122b3e769caee50b6bcb53545fbfc\spring-integration-core-6.1.3.jar;C:\Users\felipe.silva\.gradle\caches\modules-2\files-2.1\org.springframework\spring-messaging\6.0.12\cef9bb726474ac699762aadcbbf0e8da81bec48f\spring-messaging-6.0.12.jar;C:\Users\felipe.silva\.gradle\caches\modules-2\files-2.1\org.springframework.amqp\spring-rabbit\3.0.9\42aece71d12d8c7957c62ecf4bb792407cc10e1d\spring-rabbit-3.0.9.jar;C:\Users\felipe.silva\.gradle\caches\modules-2\files-2.1\org.apache.tomcat.embed\tomcat-embed-el\10.1.13\22c8845f7528334905c582e48a3eeefab616b0a5\tomcat-embed-el-10.1.13.jar;C:\Users\felipe.silva\.gradle\caches\modules-2\files-2.1\org.hibernate.validator\hibernate-validator\8.0.1.Final\e49e116b3d3928060599b176b3538bb848718e95\hibernate-validator-8.0.1.Final.jar;C:\Users\felipe.silva\.gradle\caches\modules-2\files-2.1\org.springframework.boot\spring-boot-starter-aop\3.1.4\1842a0506c99583b5ce11525cbd3d52e719a3f8\spring-boot-starter-aop-3.1.4.jar;C:\Users\felipe.silva\.gradle\caches\modules-2\files-2.1\org.hibernate.orm\hibernate-core\6.2.9.Final\a24ca4a5c003b6d0d9e005c6226f84cf4169bfeb\hibernate-core-6.2.9.Final.jar;C:\Users\felipe.silva\.gradle\caches\modules-2\files-2.1\org.springframework.data\spring-data-jpa\3.1.4\c51bbed97c35a0c6abced4854db85a5a5b216540\spring-data-jpa-3.1.4.jar;C:\Users\felipe.silva\.gradle\caches\modules-2\files-2.1\org.springframework\spring-aspects\6.0.12\f9f903318add53a20c0e33ead1b16abd669543f7\spring-aspects-6.0.12.jar;C:\Users\felipe.silva\.gradle\caches\modules-2\files-2.1\com.mchange\mchange-commons-java\0.2.19\7a4bee38ea02bd7dee776869b19fb3f6861d6acf\mchange-commons-java-0.2.19.jar;C:\Users\felipe.silva\.gradle\caches\modules-2\files-2.1\javax.cache\cache-api\1.1.1\c56fb980eb5208bfee29a9a5b9d951aba076bd91\cache-api-1.1.1.jar;C:\Users\felipe.silva\.gradle\caches\modules-2\files-2.1\org.springframework.boot\spring-boot-actuator-autoconfigure\3.1.4\fcc2827e35b4c99ad0e7145782406260202f9abc\spring-boot-actuator-autoconfigure-3.1.4.jar;C:\Users\felipe.silva\.gradle\caches\modules-2\files-2.1\io.micrometer\micrometer-core\1.11.4\d06b3849b02a3743404ce17b1dd989e3a9ba7221\micrometer-core-1.11.4.jar;C:\Users\felipe.silva\.gradle\caches\modules-2\files-2.1\io.micrometer\micrometer-observation\1.11.4\1aa2f6ba1dae42c403543bd14ea5f302d7ed6d85\micrometer-observation-1.11.4.jar;C:\Users\felipe.silva\.gradle\caches\modules-2\files-2.1\io.prometheus\simpleclient_common\0.16.0\a09a8c790a20309b942a9fdbfe77da22407096e6\simpleclient_common-0.16.0.jar;C:\Users\felipe.silva\.gradle\caches\modules-2\files-2.1\io.zipkin.brave\brave-context-slf4j\5.15.1\95ca6a1896318d3f2f2c136e02c5e08923241bab\brave-context-slf4j-5.15.1.jar;C:\Users\felipe.silva\.gradle\caches\modules-2\files-2.1\io.zipkin.brave\brave-instrumentation-http\5.15.1\364e6056742808b945c9f6e4fffd3d1fba43e8cb\brave-instrumentation-http-5.15.1.jar;C:\Users\felipe.silva\.gradle\caches\modules-2\files-2.1\io.zipkin.aws\brave-propagation-aws\0.23.5\94dafc941dac5a7bf686292d3a3aebd579dec45c\brave-propagation-aws-0.23.5.jar;C:\Users\felipe.silva\.gradle\caches\modules-2\files-2.1\io.zipkin.brave\brave\5.15.1\c684fd5fd091c572f916bd4bb72aaecce9907e17\brave-5.15.1.jar;C:\Users\felipe.silva\.gradle\caches\modules-2\files-2.1\io.micrometer\micrometer-tracing\1.1.5\71f85017510a6a1fb1b0ce37f98bd7f649f292ec\micrometer-tracing-1.1.5.jar;C:\Users\felipe.silva\.gradle\caches\modules-2\files-2.1\org.slf4j\slf4j-api\2.0.9\7cf2726fdcfbc8610f9a71fb3ed639871f315340\slf4j-api-2.0.9.jar;C:\Users\felipe.silva\.gradle\caches\modules-2\files-2.1\io.zipkin.reporter2\zipkin-reporter\2.16.3\7e43d8be3376d305c355d969e8b9f3a62221380\zipkin-reporter-2.16.3.jar;C:\Users\felipe.silva\.gradle\caches\modules-2\files-2.1\io.github.openfeign\feign-core\12.4\7acf105cbe60a58af10fcaa610a41ceec9a4fa9d\feign-core-12.4.jar;C:\Users\felipe.silva\.gradle\caches\modules-2\files-2.1\org.springdoc\springdoc-openapi-starter-webmvc-api\2.2.0\3a7a3a7ecd2537203961d83cabc6d642f294ddb\springdoc-openapi-starter-webmvc-api-2.2.0.jar;C:\Users\felipe.silva\.gradle\caches\modules-2\files-2.1\org.webjars\swagger-ui\5.2.0\c48d665a3f3a5d73afa34982953d3c31acc1d1dd\swagger-ui-5.2.0.jar;C:\Users\felipe.silva\.gradle\caches\modules-2\files-2.1\org.springframework.cloud\spring-cloud-openfeign-core\4.0.4\30883d013fe1586e06e9f995020124ba6202a317\spring-cloud-openfeign-core-4.0.4.jar;C:\Users\felipe.silva\.gradle\caches\modules-2\files-2.1\org.springframework.cloud\spring-cloud-starter\4.0.4\7a90112c371183668b51e657a1f9113ed38f126f\spring-cloud-starter-4.0.4.jar;C:\Users\felipe.silva\.gradle\caches\modules-2\files-2.1\io.github.openfeign\feign-slf4j\12.4\25a7a8249a2b9cb9ae3ca4eeba9a57050551913b\feign-slf4j-12.4.jar;C:\Users\felipe.silva\.gradle\caches\modules-2\files-2.1\org.springframework.cloud\spring-cloud-commons\4.0.4\b8fd08d1066deb7dd7e924d913b21f8c2ff44e70\spring-cloud-commons-4.0.4.jar;C:\Users\felipe.silva\.gradle\caches\modules-2\files-2.1\com.fasterxml.jackson.datatype\jackson-datatype-jdk8\2.15.2\66a50e089cfd2f93896b9b6f7a734cea7bcf2f31\jackson-datatype-jdk8-2.15.2.jar;C:\Users\felipe.silva\.gradle\caches\modules-2\files-2.1\com.fasterxml.jackson.datatype\jackson-datatype-jsr310\2.15.2\30d16ec2aef6d8094c5e2dce1d95034ca8b6cb42\jackson-datatype-jsr310-2.15.2.jar;C:\Users\felipe.silva\.gradle\caches\modules-2\files-2.1\com.fasterxml.jackson.module\jackson-module-parameter-names\2.15.2\75f8d2788db20f6c587c7a19e94fb6248c314241\jackson-module-parameter-names-2.15.2.jar;C:\Users\felipe.silva\.gradle\caches\modules-2\files-2.1\com.fasterxml.jackson.core\jackson-databind\2.15.2\9353b021f10c307c00328f52090de2bdb4b6ff9c\jackson-databind-2.15.2.jar;C:\Users\felipe.silva\.gradle\caches\modules-2\files-2.1\org.springframework.boot\spring-boot-starter-logging\3.1.4\e3533d7b6e2e9b5ca9b05dce2a9a2504aad5b889\spring-boot-starter-logging-3.1.4.jar;C:\Users\felipe.silva\.gradle\caches\modules-2\files-2.1\org.springframework.boot\spring-boot-autoconfigure\3.1.4\ae53253f6330787f8b77a13aa90d6514597a20d0\spring-boot-autoconfigure-3.1.4.jar;C:\Users\felipe.silva\.gradle\caches\modules-2\files-2.1\org.springframework.boot\spring-boot\3.1.4\7a0a6349e28227a93f2b4efde897e87b3343bf3a\spring-boot-3.1.4.jar;C:\Users\felipe.silva\.gradle\caches\modules-2\files-2.1\jakarta.annotation\jakarta.annotation-api\2.1.1\48b9bda22b091b1f48b13af03fe36db3be6e1ae3\jakarta.annotation-api-2.1.1.jar;C:\Users\felipe.silva\.gradle\caches\modules-2\files-2.1\org.springframework\spring-core\6.0.12\a55e70359371b03ee29dacd75c3b40d0baf3a656\spring-core-6.0.12.jar;C:\Users\felipe.silva\.gradle\caches\modules-2\files-2.1\org.yaml\snakeyaml\1.33\2cd0a87ff7df953f810c344bdf2fe3340b954c69\snakeyaml-1.33.jar;C:\Users\felipe.silva\.gradle\caches\modules-2\files-2.1\org.apache.tomcat.embed\tomcat-embed-websocket\10.1.13\540a79df9699435e4f7cb8983daab272d29d093f\tomcat-embed-websocket-10.1.13.jar;C:\Users\felipe.silva\.gradle\caches\modules-2\files-2.1\org.apache.tomcat.embed\tomcat-embed-core\10.1.13\6909967f2ed6c323108c2cc7f20586d6f7eb6455\tomcat-embed-core-10.1.13.jar;C:\Users\felipe.silva\.gradle\caches\modules-2\files-2.1\org.springframework\spring-context\6.0.12\f1964518e07796b2fdc1b9be2108485ffe1b4566\spring-context-6.0.12.jar;C:\Users\felipe.silva\.gradle\caches\modules-2\files-2.1\org.springframework\spring-aop\6.0.12\ba7ecdbdc2abaf172d49692b8110f65ecd2d250c\spring-aop-6.0.12.jar;C:\Users\felipe.silva\.gradle\caches\modules-2\files-2.1\org.springframework\spring-beans\6.0.12\dfa53afbf1ab65f36c60333443ed1109ed331504\spring-beans-6.0.12.jar;C:\Users\felipe.silva\.gradle\caches\modules-2\files-2.1\org.springframework\spring-expression\6.0.12\9283ad418f06f918e834b1981998a5f62a05b355\spring-expression-6.0.12.jar;C:\Users\felipe.silva\.gradle\caches\modules-2\files-2.1\com.zaxxer\HikariCP\5.0.1\a74c7f0a37046846e88d54f7cb6ea6d565c65f9c\HikariCP-5.0.1.jar;C:\Users\felipe.silva\.gradle\caches\modules-2\files-2.1\org.springframework\spring-jdbc\6.0.12\cf14ce5078ab4b69b760ac91b2b9f23dab1e4457\spring-jdbc-6.0.12.jar;C:\Users\felipe.silva\.gradle\caches\modules-2\files-2.1\org.springframework\spring-tx\6.0.12\b4e997baac7dd14593f3e4f815e3646279e9a63f\spring-tx-6.0.12.jar;C:\Users\felipe.silva\.gradle\caches\modules-2\files-2.1\org.springframework.batch\spring-batch-infrastructure\5.0.3\551c4bfc2c79259eff67e3e03ad7c40f5ce80ec1\spring-batch-infrastructure-5.0.3.jar;C:\Users\felipe.silva\.gradle\caches\modules-2\files-2.1\org.springframework.retry\spring-retry\2.0.3\4bd76e84c4c5225f9313f80c1cbfef7c608128d3\spring-retry-2.0.3.jar;C:\Users\felipe.silva\.gradle\caches\modules-2\files-2.1\io.projectreactor\reactor-core\3.5.10\b2d043508fbc0190bfb63eea1b33551f48a8c32b\reactor-core-3.5.10.jar;C:\Users\felipe.silva\.gradle\caches\modules-2\files-2.1\com.rabbitmq\amqp-client\5.17.1\ab5ad4ad4032253310784187e5855eb0444daa23\amqp-client-5.17.1.jar;C:\Users\felipe.silva\.gradle\caches\modules-2\files-2.1\org.springframework.amqp\spring-amqp\3.0.9\d25b1c1e3af5de24c1afb327cb196981d0aa6756\spring-amqp-3.0.9.jar;C:\Users\felipe.silva\.gradle\caches\modules-2\files-2.1\jakarta.validation\jakarta.validation-api\3.0.2\92b6631659ba35ca09e44874d3eb936edfeee532\jakarta.validation-api-3.0.2.jar;C:\Users\felipe.silva\.gradle\caches\modules-2\files-2.1\org.jboss.logging\jboss-logging\3.5.3.Final\c88fc1d8a96d4c3491f55d4317458ccad53ca663\jboss-logging-3.5.3.Final.jar;C:\Users\felipe.silva\.gradle\caches\modules-2\files-2.1\com.fasterxml\classmate\1.5.1\3fe0bed568c62df5e89f4f174c101eab25345b6c\classmate-1.5.1.jar;C:\Users\felipe.silva\.gradle\caches\modules-2\files-2.1\org.aspectj\aspectjweaver\1.9.20\da562407e43f74c0f8f5f5df4065d85ec1736d01\aspectjweaver-1.9.20.jar;C:\Users\felipe.silva\.gradle\caches\modules-2\files-2.1\jakarta.persistence\jakarta.persistence-api\3.1.0\66901fa1c373c6aff65c13791cc11da72060a8d6\jakarta.persistence-api-3.1.0.jar;C:\Users\felipe.silva\.gradle\caches\modules-2\files-2.1\jakarta.transaction\jakarta.transaction-api\2.0.1\51a520e3fae406abb84e2e1148e6746ce3f80a1a\jakarta.transaction-api-2.0.1.jar;C:\Users\felipe.silva\.gradle\caches\modules-2\files-2.1\org.springframework.data\spring-data-commons\3.1.4\7b16d91221c7f9492f63a99e97a1d907f6bf540c\spring-data-commons-3.1.4.jar;C:\Users\felipe.silva\.gradle\caches\modules-2\files-2.1\org.springframework\spring-orm\6.0.12\174d73f69d878fd7ddeef9a25213d8932692a768\spring-orm-6.0.12.jar;C:\Users\felipe.silva\.gradle\caches\modules-2\files-2.1\org.antlr\antlr4-runtime\4.10.1\10839f875928f59c622d675091d51a43ea0dc5f7\antlr4-runtime-4.10.1.jar;C:\Users\felipe.silva\.gradle\caches\modules-2\files-2.1\org.springframework.boot\spring-boot-actuator\3.1.4\ead74aababbdb6e22f50c2ea315074053b884233\spring-boot-actuator-3.1.4.jar;C:\Users\felipe.silva\.gradle\caches\modules-2\files-2.1\io.micrometer\micrometer-commons\1.11.4\6dfbbc07ecad294bffacff0648d6eaa4de78f332\micrometer-commons-1.11.4.jar;C:\Users\felipe.silva\.gradle\caches\modules-2\files-2.1\io.prometheus\simpleclient\0.16.0\28b0eaf7c500c506976da8d0fc9cad6c278e8d87\simpleclient-0.16.0.jar;C:\Users\felipe.silva\.gradle\caches\modules-2\files-2.1\io.micrometer\context-propagation\1.0.5\c74e46568593def2bd6e63d67fddcced513c4e1d\context-propagation-1.0.5.jar;C:\Users\felipe.silva\.gradle\caches\modules-2\files-2.1\aopalliance\aopalliance\1.0\235ba8b489512805ac13a8f9ea77a1ca5ebe3e8\aopalliance-1.0.jar;C:\Users\felipe.silva\.gradle\caches\modules-2\files-2.1\io.zipkin.zipkin2\zipkin\2.23.2\1c2c7f2e91a3749311f7f75d0535d14ba2e2f6\zipkin-2.23.2.jar;C:\Users\felipe.silva\.gradle\caches\modules-2\files-2.1\org.springdoc\springdoc-openapi-starter-common\2.2.0\352343daae911b5d95c718c4a3c461cf94b4707b\springdoc-openapi-starter-common-2.2.0.jar;C:\Users\felipe.silva\.gradle\caches\modules-2\files-2.1\io.github.openfeign.form\feign-form-spring\3.8.0\71059f6e16ddbaf0e42f1b1aa0bb60cc2f823e4d\feign-form-spring-3.8.0.jar;C:\Users\felipe.silva\.gradle\caches\modules-2\files-2.1\commons-fileupload\commons-fileupload\1.5\ad4ad2ab2961b4e1891472bd1a33fabefb0385f3\commons-fileupload-1.5.jar;C:\Users\felipe.silva\.gradle\caches\modules-2\files-2.1\org.springframework.cloud\spring-cloud-context\4.0.4\6962fd8ddc995cea96b2499cfbc44df181c41b47\spring-cloud-context-4.0.4.jar;C:\Users\felipe.silva\.gradle\caches\modules-2\files-2.1\org.springframework.security\spring-security-rsa\1.0.12.RELEASE\2c6aca9e7eee11aee196a29eeea35d7aa8692398\spring-security-rsa-1.0.12.RELEASE.jar;C:\Users\felipe.silva\.gradle\caches\modules-2\files-2.1\org.springframework.security\spring-security-crypto\6.1.4\cc64beef9eb38993b6c3d46a633bef25700742e\spring-security-crypto-6.1.4.jar;C:\Users\felipe.silva\.gradle\caches\modules-2\files-2.1\com.fasterxml.jackson.core\jackson-core\2.15.2\a6fe1836469a69b3ff66037c324d75fc66ef137c\jackson-core-2.15.2.jar;C:\Users\felipe.silva\.gradle\caches\modules-2\files-2.1\com.fasterxml.jackson.core\jackson-annotations\2.15.2\4724a65ac8e8d156a24898d50fd5dbd3642870b8\jackson-annotations-2.15.2.jar;C:\Users\felipe.silva\.gradle\caches\modules-2\files-2.1\ch.qos.logback\logback-classic\1.4.11\54450c0c783e896a1a6d88c043bd2f1daba1c382\logback-classic-1.4.11.jar;C:\Users\felipe.silva\.gradle\caches\modules-2\files-2.1\org.apache.logging.log4j\log4j-to-slf4j\2.20.0\d37f81f8978e2672bc32c82712ab4b3f66624adc\log4j-to-slf4j-2.20.0.jar;C:\Users\felipe.silva\.gradle\caches\modules-2\files-2.1\org.slf4j\jul-to-slf4j\2.0.9\9ef7c70b248185845f013f49a33ff9ca65b7975\jul-to-slf4j-2.0.9.jar;C:\Users\felipe.silva\.gradle\caches\modules-2\files-2.1\org.springframework\spring-jcl\6.0.12\44a1d1d105063d4eb9c5dc705245ef6fa4162520\spring-jcl-6.0.12.jar;C:\Users\felipe.silva\.gradle\caches\modules-2\files-2.1\org.reactivestreams\reactive-streams\1.0.4\3864a1320d97d7b045f729a326e1e077661f31b7\reactive-streams-1.0.4.jar;C:\Users\felipe.silva\.gradle\caches\modules-2\files-2.1\io.prometheus\simpleclient_tracer_otel\0.16.0\cc3d2b7b7cb6f077e3b1ee1d3e99eb54fddfa151\simpleclient_tracer_otel-0.16.0.jar;C:\Users\felipe.silva\.gradle\caches\modules-2\files-2.1\io.prometheus\simpleclient_tracer_otel_agent\0.16.0\9d724771e339ff7ec6cd7c0cc170d3470904c5\simpleclient_tracer_otel_agent-0.16.0.jar;C:\Users\felipe.silva\.gradle\caches\modules-2\files-2.1\io.swagger.core.v3\swagger-core-jakarta\2.2.15\6c85064b85f895b7f0c0819d950995274c0931a4\swagger-core-jakarta-2.2.15.jar;C:\Users\felipe.silva\.gradle\caches\modules-2\files-2.1\io.github.openfeign.form\feign-form\3.8.0\3083889996b18443c275a352d3ab4bc6c8321598\feign-form-3.8.0.jar;C:\Users\felipe.silva\.gradle\caches\modules-2\files-2.1\commons-io\commons-io\2.11.0\a2503f302b11ebde7ebc3df41daebe0e4eea3689\commons-io-2.11.0.jar;C:\Users\felipe.silva\.gradle\caches\modules-2\files-2.1\org.bouncycastle\bcpkix-jdk18on\1.73\fd41dae0f564a93888ed5ade426281de94824717\bcpkix-jdk18on-1.73.jar;C:\Users\felipe.silva\.gradle\caches\modules-2\files-2.1\ch.qos.logback\logback-core\1.4.11\2f9f280219a9922a74200eaf7138c4c17fb87c0f\logback-core-1.4.11.jar;C:\Users\felipe.silva\.gradle\caches\modules-2\files-2.1\org.apache.logging.log4j\log4j-api\2.20.0\1fe6082e660daf07c689a89c94dc0f49c26b44bb\log4j-api-2.20.0.jar;C:\Users\felipe.silva\.gradle\caches\modules-2\files-2.1\io.prometheus\simpleclient_tracer_common\0.16.0\dec00ef7c6155c4ca1109ec8248f7ff58d8f6cd3\simpleclient_tracer_common-0.16.0.jar;C:\Users\felipe.silva\.gradle\caches\modules-2\files-2.1\io.swagger.core.v3\swagger-models-jakarta\2.2.15\664bc63998b703b3e695a00f502f6091b8c7815f\swagger-models-jakarta-2.2.15.jar;C:\Users\felipe.silva\.gradle\caches\modules-2\files-2.1\com.fasterxml.jackson.dataformat\jackson-dataformat-yaml\2.15.2\58194ff9f51915ad6bf6b6f24818232d7566418a\jackson-dataformat-yaml-2.15.2.jar;C:\Users\felipe.silva\.gradle\caches\modules-2\files-2.1\org.apache.commons\commons-lang3\3.12.0\c6842c86792ff03b9f1d1fe2aab8dc23aa6c6f0e\commons-lang3-3.12.0.jar;C:\Users\felipe.silva\.gradle\caches\modules-2\files-2.1\io.swagger.core.v3\swagger-annotations-jakarta\2.2.15\951eda18dbce0397347056aceff38d02710ec866\swagger-annotations-jakarta-2.2.15.jar;C:\Users\felipe.silva\.gradle\caches\modules-2\files-2.1\jakarta.xml.bind\jakarta.xml.bind-api\4.0.1\ca2330866cbc624c7e5ce982e121db1125d23e15\jakarta.xml.bind-api-4.0.1.jar;C:\Users\felipe.silva\.gradle\caches\modules-2\files-2.1\org.bouncycastle\bcutil-jdk18on\1.73\73a680acd04b249a6773f49200092cadb670bf0\bcutil-jdk18on-1.73.jar;C:\Users\felipe.silva\.gradle\caches\modules-2\files-2.1\org.bouncycastle\bcprov-jdk18on\1.73\4bd3de48e5153059fe3f80cbcf86ea221795ee55\bcprov-jdk18on-1.73.jar;C:\Users\felipe.silva\.gradle\caches\modules-2\files-2.1\jakarta.activation\jakarta.activation-api\2.1.2\640c0d5aff45dbff1e1a1bc09673ff3a02b1ba12\jakarta.activation-api-2.1.2.jar;C:\Users\felipe.silva\.gradle\caches\modules-2\files-2.1\com.microsoft.sqlserver\mssql-jdbc\11.2.3.jre17\cc5c8ac8f5bcfd16c40f2723a190f372aeb77609\mssql-jdbc-11.2.3.jre17.jar;C:\Users\felipe.silva\.gradle\caches\modules-2\files-2.1\org.glassfish.jaxb\jaxb-runtime\4.0.3\93af25be25b2c92c83e0ce61cb8b3ed23568f316\jaxb-runtime-4.0.3.jar;C:\Users\felipe.silva\.gradle\caches\modules-2\files-2.1\org.hibernate.common\hibernate-commons-annotations\6.0.6.Final\77a5f94b56d49508e0ee334751db5b78e5ccd50c\hibernate-commons-annotations-6.0.6.Final.jar;C:\Users\felipe.silva\.gradle\caches\modules-2\files-2.1\io.smallrye\jandex\3.0.5\c548a4871b552292dbdd65409d3fda145c8925c1\jandex-3.0.5.jar;C:\Users\felipe.silva\.gradle\caches\modules-2\files-2.1\net.bytebuddy\byte-buddy\1.14.8\505d7d8937ff00cc55db79723e26c94069b87d66\byte-buddy-1.14.8.jar;C:\Users\felipe.silva\.gradle\caches\modules-2\files-2.1\jakarta.inject\jakarta.inject-api\2.0.1\4c28afe1991a941d7702fe1362c365f0a8641d1e\jakarta.inject-api-2.0.1.jar;C:\Users\felipe.silva\.gradle\caches\modules-2\files-2.1\org.glassfish.jaxb\jaxb-core\4.0.3\e9093b4a82069a1d78ee9a3233ca387bca88861f\jaxb-core-4.0.3.jar;C:\Users\felipe.silva\.gradle\caches\modules-2\files-2.1\org.hdrhistogram\HdrHistogram\2.1.12\6eb7552156e0d517ae80cc2247be1427c8d90452\HdrHistogram-2.1.12.jar;C:\Users\felipe.silva\.gradle\caches\modules-2\files-2.1\org.latencyutils\LatencyUtils\2.0.3\769c0b82cb2421c8256300e907298a9410a2a3d3\LatencyUtils-2.0.3.jar;C:\Users\felipe.silva\.gradle\caches\modules-2\files-2.1\org.eclipse.angus\angus-activation\2.0.1\eaafaf4eb71b400e4136fc3a286f50e34a68ecb7\angus-activation-2.0.1.jar;C:\Users\felipe.silva\.gradle\caches\modules-2\files-2.1\org.glassfish.jaxb\txw2\4.0.3\47b8fe31c6d1a3382203af919400527389e01e9c\txw2-4.0.3.jar;C:\Users\felipe.silva\.gradle\caches\modules-2\files-2.1\com.sun.istack\istack-commons-runtime\4.1.2\18ec117c85f3ba0ac65409136afa8e42bc74e739\istack-commons-runtime-4.1.2.jar;C:\Users\felipe.silva\zMeus_Front\batch-cnab\build\classes\java\aot;C:\Users\felipe.silva\zMeus_Front\batch-cnab\build\resources\aot, java.vm.vendor=Eclipse Adoptium, sun.arch.data.model=64, user.variant=, java.vendor.url=https://adoptium.net/, user.timezone=America/Sao_Paulo, java.vm.specification.version=17, os.name=Windows 10, sun.java.launcher=SUN_STANDARD, user.country=BR, sun.boot.library.path=C:\Users\felipe.silva\.jdks\temurin-17.0.10\bin, sun.java.command=com.batsworks.batch.BatchApplication, jdk.debug=release, sun.cpu.endian=little, user.home=C:\Users\felipe.silva, user.language=pt, java.specification.vendor=Oracle Corporation, java.version.date=2024-01-16, java.home=C:\Users\felipe.silva\.jdks\temurin-17.0.10, file.separator=\, java.vm.compressedOopsMode=32-bit, line.separator=
, java.vm.specification.vendor=Oracle Corporation, java.specification.name=Java Platform API Specification, appmap.config.file=C:\Users\felipe.silva\zMeus_Front\batch-cnab\appmap.yml, user.script=, sun.management.compiler=HotSpot 64-Bit Tiered Compilers, java.runtime.version=17.0.10+7, user.name=felipe.silva, path.separator=;, os.version=10.0, java.runtime.name=OpenJDK Runtime Environment, file.encoding=UTF-8, java.vm.name=OpenJDK 64-Bit Server VM, java.vendor.version=Temurin-17.0.10+7, java.vendor.url.bug=https://github.com/adoptium/adoptium-support/issues, java.io.tmpdir=C:\Users\FELIPE~1.SIL\AppData\Local\Temp\, java.version=17.0.10, user.dir=C:\Users\felipe.silva\zMeus_Front\batch-cnab, os.arch=amd64, java.vm.specification.name=Java Virtual Machine Specification, sun.os.patch.level=, native.encoding=Cp1252, java.library.path=C:\Users\felipe.silva\.jdks\temurin-17.0.10\bin;C:\Windows\Sun\Java\bin;C:\Windows\system32;C:\Windows;C:\Program Files (x86)\Microsoft SDKs\Azure\CLI2\wbin;C:\Program Files\Common Files\Oracle\Java\javapath;C:\Program Files (x86)\Common Files\Oracle\Java\javapath;C:\Windows\system32;C:\Windows;C:\Windows\System32\Wbem;C:\Windows\System32\WindowsPowerShell\v1.0\;C:\Windows\System32\OpenSSH\;C:\Program Files\Microsoft SQL Server\Client SDK\ODBC\170\Tools\Binn\;C:\Program Files (x86)\Microsoft SQL Server\150\Tools\Binn\;C:\Program Files\Microsoft SQL Server\150\Tools\Binn\;C:\Program Files\Microsoft SQL Server\150\DTS\Binn\;C:\Program Files\Java\jdk-14.0.2\bin;;C:\Program Files\nodejs\;C:\Program Files\Docker\Docker\resources\bin;C:\Users\felipe.silva\AppData\Local\pnpm;C:\Users\felipe.silva\AppData\Local\Programs\Python\Python311\Scripts\;C:\Users\felipe.silva\AppData\Local\Programs\Python\Python311\;C:\Users\felipe.silva\AppData\Local\Programs\Python\Launcher\;C:\Users\felipe.silva\LUA;C:\Users\felipe.silva\AppData\Local\graalvm-jdk-21\bin;C:\Users\felipe.silva\.jbang\bin;C:\Users\felipe.silva\AppData\Local\Microsoft\WindowsApps;C:\Users\felipe.silva\AppData\Local\Programs\Microsoft VS Code\bin;C:\Users\felipe.silva\apache-maven-3.8.6-bin\apache-maven-3.8.6\bin;C:\Users\felipe.silva\gradle-7.5.1-all\gradle-7.5.1\bin;C:\Users\felipe.silva\AppData\Local\JetBrains\Toolbox\scripts;C:\MinGW\bin;C:\Users\felipe.silva\AppData\Local\JetBrains\IntelliJ IDEA Community Edition 2023.1\bin;C:\Users\felipe.silva\gradle-7.5.1-all\gradle-7.5.1\;C:\Users\felipe.silva\AppData\Local\JetBrains\IntelliJ IDEA 2023.3.2\bin;C:\Users\felipe.silva\AppData\Local\JetBrains\IntelliJ IDEA Community Edition 2023.2\bin;C:\Users\felipe.silva\AppData\Local\Programs\Lens\resources\cli\bin;C:\Users\felipe.silva\Baixei\exe\go\bin;C:\Users\felipe.silva\AppData\Local\Programs\Git\cmd;C:\Program Files\Java\jdk-17\bin;C:\Users\felipe.silva\AppData\Roaming\npm;C:\Users\felipe.silva\.fly\bin;C:\Users\felipe.silva\.cargo\bin;., java.vm.info=mixed mode, sharing, java.vendor=Eclipse Adoptium, java.vm.version=17.0.10+7, sun.io.unicode.encoding=UnicodeLittle, java.class.version=61.0}
17:38:37.940 [http-nio-8080-exec-1] INFO Recording.moveTo: Saving AppMap C:\Users\felipe.silva\zMeus_Front\batch-cnab\tmp\appmap\request_recording\1709325517_557__swagger-ui_index_html.appmap.json
17:38:38.968 [http-nio-8080-exec-7] INFO Recording.moveTo: Saving AppMap C:\Users\felipe.silva\zMeus_Front\batch-cnab\tmp\appmap\request_recording\1709325518_870__v3_api-docs_swagger-config.appmap.json
17:38:42.476 [http-nio-8080-exec-9] INFO Recording.moveTo: Saving AppMap C:\Users\felipe.silva\zMeus_Front\batch-cnab\tmp\appmap\request_recording\1709325519_064__v3_api-docs.appmap.json
17:39:53.736 [http-nio-8080-exec-4] INFO Recording.moveTo: Saving AppMap C:\Users\felipe.silva\zMeus_Front\batch-cnab\tmp\appmap\request_recording\1709325593_016__v1_arquivo_upload.appmap.json
